<?xml version="1.0" encoding="utf-8" standalone="no"?>
<!--This file represents the results of running a test suite-->
<test-results name="C:\Users\Alexander Raúl\Desktop\ProjectsTwoDocs\SistemaSistraturMVC\Sistratur.TestsDeSistema\bin\Debug\Sistratur.TestsDeSistema.dll" total="17" errors="0" failures="0" not-run="0" inconclusive="0" ignored="0" skipped="0" invalid="0" date="2015-10-13" time="16:16:11">
  <environment nunit-version="2.6.4.14350" clr-version="2.0.50727.8662" os-version="Microsoft Windows NT 6.2.9200.0" platform="Win32NT" cwd="C:\Program Files (x86)\NUnit 2.6.4\bin" machine-name="DESKTOP-Q2S5G7S" user="Alexander Raúl" user-domain="DESKTOP-Q2S5G7S" />
  <culture-info current-culture="es-PE" current-uiculture="es-ES" />
  <test-suite type="Assembly" name="C:\Users\Alexander Raúl\Desktop\ProjectsTwoDocs\SistemaSistraturMVC\Sistratur.TestsDeSistema\bin\Debug\Sistratur.TestsDeSistema.dll" executed="True" result="Success" success="True" time="18.220" asserts="0">
    <results>
      <test-suite type="Namespace" name="Sistratur" executed="True" result="Success" success="True" time="18.208" asserts="0">
        <results>
          <test-suite type="Namespace" name="TestsDeSistema" executed="True" result="Success" success="True" time="18.207" asserts="0">
            <results>
              <test-suite type="Namespace" name="Controladores" executed="True" result="Success" success="True" time="17.435" asserts="0">
                <results>
                  <test-suite type="TestFixture" name="ClienteControllerTest" executed="True" result="Success" success="True" time="17.419" asserts="0">
                    <results>
                      <test-case name="Sistratur.TestsDeSistema.Controladores.ClienteControllerTest._00_VistaIndexListaClienteOk" executed="True" result="Success" success="True" time="1.849" asserts="4" />
                      <test-case name="Sistratur.TestsDeSistema.Controladores.ClienteControllerTest._01_VistaCreateRegistrarClienteOk" executed="True" result="Success" success="True" time="0.002" asserts="3" />
                      <test-case name="Sistratur.TestsDeSistema.Controladores.ClienteControllerTest._02_ClienteGuardadoCorrectamenteOk" executed="True" result="Success" success="True" time="15.398" asserts="2" />
                      <test-case name="Sistratur.TestsDeSistema.Controladores.ClienteControllerTest._03_VistaEditEditarClienteOk" executed="True" result="Success" success="True" time="0.035" asserts="3" />
                      <test-case name="Sistratur.TestsDeSistema.Controladores.ClienteControllerTest._04_EditEditarClienteGuardoCorrectamenteOk" executed="True" result="Success" success="True" time="0.002" asserts="2" />
                      <test-case name="Sistratur.TestsDeSistema.Controladores.ClienteControllerTest._05_VistaDetailsDetallesClienteOk" executed="True" result="Success" success="True" time="0.002" asserts="4" />
                      <test-case name="Sistratur.TestsDeSistema.Controladores.ClienteControllerTest._05_VistaDetailsRedireciionarAIndezCuandoIdIsZeroOk" executed="True" result="Success" success="True" time="0.001" asserts="2" />
                    </results>
                  </test-suite>
                </results>
              </test-suite>
              <test-suite type="Namespace" name="Modelos" executed="True" result="Success" success="True" time="0.210" asserts="0">
                <results>
                  <test-suite type="TestFixture" name="ClienteModeloTest" executed="True" result="Success" success="True" time="0.208" asserts="0">
                    <results>
                      <test-case name="Sistratur.TestsDeSistema.Modelos.ClienteModeloTest._01_CienteValidoMinimoRequerimeintos" executed="True" result="Success" success="True" time="0.130" asserts="3" />
                      <test-case name="Sistratur.TestsDeSistema.Modelos.ClienteModeloTest._01_ClienteInvalidoFalloFormatoEmail" executed="True" result="Success" success="True" time="0.009" asserts="3" />
                      <test-case name="Sistratur.TestsDeSistema.Modelos.ClienteModeloTest._02_ClienteInvalidoFalloFormatoCelular" executed="True" result="Success" success="True" time="0.002" asserts="3" />
                      <test-case name="Sistratur.TestsDeSistema.Modelos.ClienteModeloTest._03_ClienteInvalidoFalloNroDocumentoNull" executed="True" result="Success" success="True" time="0.001" asserts="3" />
                      <test-case name="Sistratur.TestsDeSistema.Modelos.ClienteModeloTest._04_ClienteInvalidoTelefonoSolo5Digitos" executed="True" result="Success" success="True" time="0.001" asserts="3" />
                      <test-case name="Sistratur.TestsDeSistema.Modelos.ClienteModeloTest._05_ClienteInvalidoFalloFormatoEmail" executed="True" result="Success" success="True" time="0.001" asserts="3" />
                    </results>
                  </test-suite>
                </results>
              </test-suite>
              <test-suite type="Namespace" name="Servicios" executed="True" result="Success" success="True" time="0.538" asserts="0">
                <results>
                  <test-suite type="TestFixture" name="ClienteServicioTest" executed="True" result="Success" success="True" time="0.537" asserts="0">
                    <results>
                      <test-case name="Sistratur.TestsDeSistema.Servicios.ClienteServicioTest._00_RetornarListaClientes" executed="True" result="Success" success="True" time="0.423" asserts="2" />
                      <test-case name="Sistratur.TestsDeSistema.Servicios.ClienteServicioTest._01_RetornarClientePorId" executed="True" result="Success" success="True" time="0.086" asserts="2" />
                      <test-case name="Sistratur.TestsDeSistema.Servicios.ClienteServicioTest._02_RegistrarNuevoCliente" executed="True" result="Success" success="True" time="0.006" asserts="0" />
                      <test-case name="Sistratur.TestsDeSistema.Servicios.ClienteServicioTest._0XXXXXXXXXXXXXXXXXXXXxxx" executed="True" result="Success" success="True" time="0.006" asserts="3" />
                    </results>
                  </test-suite>
                </results>
              </test-suite>
            </results>
          </test-suite>
        </results>
      </test-suite>
    </results>
  </test-suite>
</test-results>